<?xml version="1.0" encoding="UTF-8"?>
<!-- Generated by org.testng.reporters.JUnitReportReporter -->
<testsuite hostname="DESKTOP-8LSLP67" failures="0" tests="2" name="testCases.TC002_LoginTest" time="5.637" errors="0" timestamp="2024-09-04T17:42:47 IST" skipped="0">
  <testcase classname="testCases.TC002_LoginTest" name="verify_login" time="2.517"/>
  <testcase classname="testCases.TC002_LoginTest" name="verify_login" time="3.120"/>
</testsuite> <!-- testCases.TC002_LoginTest -->
