<?xml version="1.0" encoding="UTF-8"?>
<!-- Generated by org.testng.reporters.JUnitReportReporter -->
<testsuite hostname="DESKTOP-8LSLP67" failures="0" tests="2" name="testCases.TC001_AccountRegistrationTest" time="6.995" errors="0" timestamp="2024-09-04T17:42:47 IST" skipped="0">
  <testcase classname="testCases.TC001_AccountRegistrationTest" name="verify_account_registration" time="3.977"/>
  <testcase classname="testCases.TC001_AccountRegistrationTest" name="verify_account_registration" time="3.018"/>
</testsuite> <!-- testCases.TC001_AccountRegistrationTest -->
